{"C:\\Users\\Admin\\Desktop\\swiggy app\\src\\components\\Body.js": {"path":"C:\\Users\\Admin\\Desktop\\swiggy app\\src\\components\\Body.js","statementMap":{"0":{"start":{"line":11,"column":19},"end":{"line":80,"column":1}},"1":{"start":{"line":12,"column":53},"end":{"line":12,"column":65}},"2":{"start":{"line":13,"column":39},"end":{"line":13,"column":51}},"3":{"start":{"line":14,"column":55},"end":{"line":14,"column":67}},"4":{"start":{"line":16,"column":23},"end":{"line":16,"column":40}},"5":{"start":{"line":17,"column":31},"end":{"line":17,"column":57}},"6":{"start":{"line":19,"column":37},"end":{"line":19,"column":60}},"7":{"start":{"line":21,"column":4},"end":{"line":21,"column":38}},"8":{"start":{"line":21,"column":19},"end":{"line":21,"column":30}},"9":{"start":{"line":23,"column":22},"end":{"line":31,"column":5}},"10":{"start":{"line":24,"column":21},"end":{"line":25,"column":153}},"11":{"start":{"line":26,"column":25},"end":{"line":26,"column":42}},"12":{"start":{"line":27,"column":11},"end":{"line":27,"column":28}},"13":{"start":{"line":28,"column":12},"end":{"line":28,"column":107}},"14":{"start":{"line":29,"column":12},"end":{"line":29,"column":109}},"15":{"start":{"line":33,"column":4},"end":{"line":33,"column":70}},"16":{"start":{"line":33,"column":29},"end":{"line":33,"column":70}},"17":{"start":{"line":34,"column":4},"end":{"line":79,"column":5}},"18":{"start":{"line":40,"column":42},"end":{"line":40,"column":98}},"19":{"start":{"line":40,"column":74},"end":{"line":40,"column":97}},"20":{"start":{"line":41,"column":20},"end":{"line":41,"column":58}},"21":{"start":{"line":46,"column":20},"end":{"line":46,"column":50}},"22":{"start":{"line":51,"column":45},"end":{"line":52,"column":87}},"23":{"start":{"line":52,"column":24},"end":{"line":52,"column":86}},"24":{"start":{"line":53,"column":24},"end":{"line":53,"column":66}},"25":{"start":{"line":59,"column":20},"end":{"line":59,"column":47}},"26":{"start":{"line":67,"column":21},"end":{"line":73,"column":28}}},"fnMap":{"0":{"name":"(anonymous_0)","decl":{"start":{"line":11,"column":19},"end":{"line":11,"column":20}},"loc":{"start":{"line":11,"column":24},"end":{"line":80,"column":1}},"line":11},"1":{"name":"(anonymous_1)","decl":{"start":{"line":21,"column":14},"end":{"line":21,"column":15}},"loc":{"start":{"line":21,"column":18},"end":{"line":21,"column":31}},"line":21},"2":{"name":"(anonymous_2)","decl":{"start":{"line":23,"column":22},"end":{"line":23,"column":23}},"loc":{"start":{"line":23,"column":34},"end":{"line":31,"column":5}},"line":23},"3":{"name":"(anonymous_3)","decl":{"start":{"line":39,"column":63},"end":{"line":39,"column":64}},"loc":{"start":{"line":39,"column":67},"end":{"line":42,"column":17}},"line":39},"4":{"name":"(anonymous_4)","decl":{"start":{"line":40,"column":67},"end":{"line":40,"column":68}},"loc":{"start":{"line":40,"column":74},"end":{"line":40,"column":97}},"line":40},"5":{"name":"(anonymous_5)","decl":{"start":{"line":45,"column":118},"end":{"line":45,"column":119}},"loc":{"start":{"line":45,"column":123},"end":{"line":47,"column":17}},"line":45},"6":{"name":"(anonymous_6)","decl":{"start":{"line":50,"column":57},"end":{"line":50,"column":58}},"loc":{"start":{"line":50,"column":61},"end":{"line":55,"column":17}},"line":50},"7":{"name":"(anonymous_7)","decl":{"start":{"line":51,"column":70},"end":{"line":51,"column":71}},"loc":{"start":{"line":52,"column":24},"end":{"line":52,"column":86}},"line":52},"8":{"name":"(anonymous_8)","decl":{"start":{"line":58,"column":47},"end":{"line":58,"column":48}},"loc":{"start":{"line":58,"column":52},"end":{"line":60,"column":17}},"line":58},"9":{"name":"(anonymous_9)","decl":{"start":{"line":66,"column":46},"end":{"line":66,"column":47}},"loc":{"start":{"line":67,"column":21},"end":{"line":73,"column":28}},"line":67}},"branchMap":{"0":{"loc":{"start":{"line":33,"column":4},"end":{"line":33,"column":70}},"type":"if","locations":[{"start":{"line":33,"column":4},"end":{"line":33,"column":70}},{"start":{},"end":{}}],"line":33},"1":{"loc":{"start":{"line":34,"column":11},"end":{"line":79,"column":5}},"type":"cond-expr","locations":[{"start":{"line":34,"column":46},"end":{"line":34,"column":56}},{"start":{"line":36,"column":8},"end":{"line":78,"column":14}}],"line":34},"2":{"loc":{"start":{"line":69,"column":24},"end":{"line":71,"column":56}},"type":"cond-expr","locations":[{"start":{"line":70,"column":25},"end":{"line":70,"column":67}},{"start":{"line":71,"column":25},"end":{"line":71,"column":55}}],"line":69}},"s":{"0":1,"1":4,"2":4,"3":4,"4":4,"5":4,"6":4,"7":4,"8":1,"9":4,"10":1,"11":1,"12":1,"13":1,"14":1,"15":4,"16":0,"17":4,"18":0,"19":0,"20":0,"21":1,"22":1,"23":9,"24":1,"25":0,"26":19},"f":{"0":4,"1":1,"2":1,"3":0,"4":0,"5":1,"6":1,"7":9,"8":0,"9":19},"b":{"0":[0,4],"1":[1,3],"2":[0,19]},"_coverageSchema":"1a1c01bbd47fc00a2c39e90264f33305004495a9","hash":"e5151a50e1e8f68940e14f8b07ebe6f832d6d2c3"}
,"C:\\Users\\Admin\\Desktop\\swiggy app\\src\\components\\Contact.js": {"path":"C:\\Users\\Admin\\Desktop\\swiggy app\\src\\components\\Contact.js","statementMap":{"0":{"start":{"line":1,"column":16},"end":{"line":12,"column":1}},"1":{"start":{"line":2,"column":4},"end":{"line":11,"column":5}}},"fnMap":{"0":{"name":"(anonymous_0)","decl":{"start":{"line":1,"column":16},"end":{"line":1,"column":17}},"loc":{"start":{"line":1,"column":21},"end":{"line":12,"column":1}},"line":1}},"branchMap":{},"s":{"0":1,"1":2},"f":{"0":2},"b":{},"_coverageSchema":"1a1c01bbd47fc00a2c39e90264f33305004495a9","hash":"68d5f8d8a599f94748412de47b5865795e9dd012"}
,"C:\\Users\\Admin\\Desktop\\swiggy app\\src\\components\\Header.js": {"path":"C:\\Users\\Admin\\Desktop\\swiggy app\\src\\components\\Header.js","statementMap":{"0":{"start":{"line":8,"column":21},"end":{"line":41,"column":1}},"1":{"start":{"line":9,"column":32},"end":{"line":9,"column":49}},"2":{"start":{"line":11,"column":20},"end":{"line":11,"column":59}},"3":{"start":{"line":11,"column":42},"end":{"line":11,"column":58}},"4":{"start":{"line":15,"column":25},"end":{"line":15,"column":48}},"5":{"start":{"line":17,"column":4},"end":{"line":40,"column":5}},"6":{"start":{"line":30,"column":20},"end":{"line":30,"column":81}}},"fnMap":{"0":{"name":"(anonymous_0)","decl":{"start":{"line":8,"column":21},"end":{"line":8,"column":22}},"loc":{"start":{"line":8,"column":26},"end":{"line":41,"column":1}},"line":8},"1":{"name":"(anonymous_1)","decl":{"start":{"line":11,"column":32},"end":{"line":11,"column":33}},"loc":{"start":{"line":11,"column":42},"end":{"line":11,"column":58}},"line":11},"2":{"name":"(anonymous_2)","decl":{"start":{"line":29,"column":68},"end":{"line":29,"column":69}},"loc":{"start":{"line":29,"column":72},"end":{"line":31,"column":17}},"line":29}},"branchMap":{"0":{"loc":{"start":{"line":30,"column":20},"end":{"line":30,"column":79}},"type":"cond-expr","locations":[{"start":{"line":30,"column":39},"end":{"line":30,"column":59}},{"start":{"line":30,"column":60},"end":{"line":30,"column":79}}],"line":30}},"s":{"0":1,"1":3,"2":3,"3":5,"4":3,"5":3,"6":1},"f":{"0":3,"1":5,"2":1},"b":{"0":[1,0]},"_coverageSchema":"1a1c01bbd47fc00a2c39e90264f33305004495a9","hash":"1b201177e03e0c4e3d75a681fdfe6cbc9ed4c1ad"}
,"C:\\Users\\Admin\\Desktop\\swiggy app\\src\\components\\ItemListMenu.js": {"path":"C:\\Users\\Admin\\Desktop\\swiggy app\\src\\components\\ItemListMenu.js","statementMap":{"0":{"start":{"line":4,"column":21},"end":{"line":45,"column":1}},"1":{"start":{"line":5,"column":19},"end":{"line":5,"column":32}},"2":{"start":{"line":7,"column":26},"end":{"line":10,"column":5}},"3":{"start":{"line":8,"column":8},"end":{"line":8,"column":35}},"4":{"start":{"line":11,"column":4},"end":{"line":44,"column":6}},"5":{"start":{"line":14,"column":20},"end":{"line":37,"column":27}},"6":{"start":{"line":31,"column":98},"end":{"line":31,"column":122}}},"fnMap":{"0":{"name":"(anonymous_0)","decl":{"start":{"line":4,"column":21},"end":{"line":4,"column":22}},"loc":{"start":{"line":4,"column":32},"end":{"line":45,"column":1}},"line":4},"1":{"name":"(anonymous_1)","decl":{"start":{"line":7,"column":26},"end":{"line":7,"column":27}},"loc":{"start":{"line":7,"column":38},"end":{"line":10,"column":5}},"line":7},"2":{"name":"(anonymous_2)","decl":{"start":{"line":13,"column":22},"end":{"line":13,"column":23}},"loc":{"start":{"line":14,"column":20},"end":{"line":37,"column":27}},"line":14},"3":{"name":"(anonymous_3)","decl":{"start":{"line":31,"column":94},"end":{"line":31,"column":95}},"loc":{"start":{"line":31,"column":98},"end":{"line":31,"column":122}},"line":31}},"branchMap":{"0":{"loc":{"start":{"line":22,"column":29},"end":{"line":24,"column":63}},"type":"cond-expr","locations":[{"start":{"line":23,"column":28},"end":{"line":23,"column":56}},{"start":{"line":24,"column":28},"end":{"line":24,"column":63}}],"line":22}},"s":{"0":1,"1":0,"2":0,"3":0,"4":0,"5":0,"6":0},"f":{"0":0,"1":0,"2":0,"3":0},"b":{"0":[0,0]},"_coverageSchema":"1a1c01bbd47fc00a2c39e90264f33305004495a9","hash":"5973e09ed4efe4c793ee9c056f2840841c1d8ce3"}
,"C:\\Users\\Admin\\Desktop\\swiggy app\\src\\components\\ResCategory.js": {"path":"C:\\Users\\Admin\\Desktop\\swiggy app\\src\\components\\ResCategory.js","statementMap":{"0":{"start":{"line":5,"column":19},"end":{"line":24,"column":1}},"1":{"start":{"line":8,"column":21},"end":{"line":11,"column":4}},"2":{"start":{"line":9,"column":4},"end":{"line":9,"column":19}},"3":{"start":{"line":12,"column":4},"end":{"line":23,"column":5}}},"fnMap":{"0":{"name":"(anonymous_0)","decl":{"start":{"line":5,"column":19},"end":{"line":5,"column":20}},"loc":{"start":{"line":5,"column":55},"end":{"line":24,"column":1}},"line":5},"1":{"name":"(anonymous_1)","decl":{"start":{"line":8,"column":21},"end":{"line":8,"column":22}},"loc":{"start":{"line":8,"column":25},"end":{"line":11,"column":4}},"line":8}},"branchMap":{"0":{"loc":{"start":{"line":20,"column":16},"end":{"line":20,"column":66}},"type":"binary-expr","locations":[{"start":{"line":20,"column":16},"end":{"line":20,"column":25}},{"start":{"line":20,"column":29},"end":{"line":20,"column":66}}],"line":20}},"s":{"0":1,"1":0,"2":0,"3":0},"f":{"0":0,"1":0},"b":{"0":[0,0]},"_coverageSchema":"1a1c01bbd47fc00a2c39e90264f33305004495a9","hash":"2410a6f4c65bc26541e1546e6c6a17fe9c97526f"}
,"C:\\Users\\Admin\\Desktop\\swiggy app\\src\\components\\Rescard.js": {"path":"C:\\Users\\Admin\\Desktop\\swiggy app\\src\\components\\Rescard.js","statementMap":{"0":{"start":{"line":3,"column":23},"end":{"line":19,"column":3}},"1":{"start":{"line":4,"column":20},"end":{"line":4,"column":25}},"2":{"start":{"line":5,"column":4},"end":{"line":5,"column":24}},"3":{"start":{"line":6,"column":53},"end":{"line":6,"column":66}},"4":{"start":{"line":7,"column":6},"end":{"line":18,"column":7}},"5":{"start":{"line":21,"column":36},"end":{"line":30,"column":3}},"6":{"start":{"line":22,"column":4},"end":{"line":29,"column":5}},"7":{"start":{"line":23,"column":8},"end":{"line":28,"column":9}}},"fnMap":{"0":{"name":"(anonymous_0)","decl":{"start":{"line":3,"column":23},"end":{"line":3,"column":24}},"loc":{"start":{"line":3,"column":32},"end":{"line":19,"column":3}},"line":3},"1":{"name":"(anonymous_1)","decl":{"start":{"line":21,"column":36},"end":{"line":21,"column":37}},"loc":{"start":{"line":21,"column":47},"end":{"line":30,"column":3}},"line":21},"2":{"name":"(anonymous_2)","decl":{"start":{"line":22,"column":10},"end":{"line":22,"column":11}},"loc":{"start":{"line":22,"column":19},"end":{"line":29,"column":5}},"line":22}},"branchMap":{},"s":{"0":2,"1":20,"2":20,"3":20,"4":20,"5":2,"6":4,"7":0},"f":{"0":20,"1":4,"2":0},"b":{},"_coverageSchema":"1a1c01bbd47fc00a2c39e90264f33305004495a9","hash":"5f89f8fe047f581cd5a110be75e5a97a01241d1f"}
,"C:\\Users\\Admin\\Desktop\\swiggy app\\src\\components\\ResturantMenu.js": {"path":"C:\\Users\\Admin\\Desktop\\swiggy app\\src\\components\\ResturantMenu.js","statementMap":{"0":{"start":{"line":9,"column":22},"end":{"line":41,"column":1}},"1":{"start":{"line":11,"column":18},"end":{"line":11,"column":29}},"2":{"start":{"line":12,"column":18},"end":{"line":12,"column":42}},"3":{"start":{"line":13,"column":36},"end":{"line":13,"column":50}},"4":{"start":{"line":17,"column":4},"end":{"line":17,"column":44}},"5":{"start":{"line":17,"column":23},"end":{"line":17,"column":44}},"6":{"start":{"line":18,"column":44},"end":{"line":18,"column":79}},"7":{"start":{"line":19,"column":22},"end":{"line":19,"column":97}},"8":{"start":{"line":20,"column":19},"end":{"line":21,"column":93}},"9":{"start":{"line":21,"column":4},"end":{"line":21,"column":92}},"10":{"start":{"line":23,"column":4},"end":{"line":40,"column":5}},"11":{"start":{"line":30,"column":20},"end":{"line":34,"column":60}},"12":{"start":{"line":34,"column":38},"end":{"line":34,"column":57}}},"fnMap":{"0":{"name":"(anonymous_0)","decl":{"start":{"line":9,"column":22},"end":{"line":9,"column":23}},"loc":{"start":{"line":9,"column":27},"end":{"line":41,"column":1}},"line":9},"1":{"name":"(anonymous_1)","decl":{"start":{"line":20,"column":87},"end":{"line":20,"column":88}},"loc":{"start":{"line":21,"column":4},"end":{"line":21,"column":92}},"line":21},"2":{"name":"(anonymous_2)","decl":{"start":{"line":28,"column":29},"end":{"line":28,"column":30}},"loc":{"start":{"line":30,"column":20},"end":{"line":34,"column":60}},"line":30},"3":{"name":"(anonymous_3)","decl":{"start":{"line":34,"column":34},"end":{"line":34,"column":35}},"loc":{"start":{"line":34,"column":38},"end":{"line":34,"column":57}},"line":34}},"branchMap":{"0":{"loc":{"start":{"line":17,"column":4},"end":{"line":17,"column":44}},"type":"if","locations":[{"start":{"line":17,"column":4},"end":{"line":17,"column":44}},{"start":{},"end":{}}],"line":17},"1":{"loc":{"start":{"line":33,"column":31},"end":{"line":33,"column":63}},"type":"cond-expr","locations":[{"start":{"line":33,"column":52},"end":{"line":33,"column":56}},{"start":{"line":33,"column":58},"end":{"line":33,"column":63}}],"line":33}},"s":{"0":1,"1":0,"2":0,"3":0,"4":0,"5":0,"6":0,"7":0,"8":0,"9":0,"10":0,"11":0,"12":0},"f":{"0":0,"1":0,"2":0,"3":0},"b":{"0":[0,0],"1":[0,0]},"_coverageSchema":"1a1c01bbd47fc00a2c39e90264f33305004495a9","hash":"6fae112b2c5e99cd28b7a7972a978bff939fe7f4"}
,"C:\\Users\\Admin\\Desktop\\swiggy app\\src\\components\\Shimmer.js": {"path":"C:\\Users\\Admin\\Desktop\\swiggy app\\src\\components\\Shimmer.js","statementMap":{"0":{"start":{"line":1,"column":16},"end":{"line":12,"column":1}},"1":{"start":{"line":2,"column":4},"end":{"line":11,"column":5}}},"fnMap":{"0":{"name":"(anonymous_0)","decl":{"start":{"line":1,"column":16},"end":{"line":1,"column":17}},"loc":{"start":{"line":1,"column":22},"end":{"line":12,"column":1}},"line":1}},"branchMap":{},"s":{"0":1,"1":1},"f":{"0":1},"b":{},"_coverageSchema":"1a1c01bbd47fc00a2c39e90264f33305004495a9","hash":"14ebd044dc0d5b53a04493d257668526ac1131b6"}
,"C:\\Users\\Admin\\Desktop\\swiggy app\\src\\components\\sum.js": {"path":"C:\\Users\\Admin\\Desktop\\swiggy app\\src\\components\\sum.js","statementMap":{"0":{"start":{"line":1,"column":18},"end":{"line":3,"column":1}},"1":{"start":{"line":2,"column":4},"end":{"line":2,"column":15}}},"fnMap":{"0":{"name":"(anonymous_0)","decl":{"start":{"line":1,"column":18},"end":{"line":1,"column":19}},"loc":{"start":{"line":1,"column":25},"end":{"line":3,"column":1}},"line":1}},"branchMap":{},"s":{"0":1,"1":1},"f":{"0":1},"b":{},"_coverageSchema":"1a1c01bbd47fc00a2c39e90264f33305004495a9","hash":"8cc1eaa2f5909114272ef40d97d59013a91fefc7"}
,"C:\\Users\\Admin\\Desktop\\swiggy app\\src\\utils\\UserContext.js": {"path":"C:\\Users\\Admin\\Desktop\\swiggy app\\src\\utils\\UserContext.js","statementMap":{"0":{"start":{"line":3,"column":20},"end":{"line":5,"column":2}}},"fnMap":{},"branchMap":{},"s":{"0":2},"f":{},"b":{},"_coverageSchema":"1a1c01bbd47fc00a2c39e90264f33305004495a9","hash":"49be38c992a199fb7ab2834b872176986f8476f9"}
,"C:\\Users\\Admin\\Desktop\\swiggy app\\src\\utils\\appStore.js": {"path":"C:\\Users\\Admin\\Desktop\\swiggy app\\src\\utils\\appStore.js","statementMap":{"0":{"start":{"line":4,"column":16},"end":{"line":9,"column":2}}},"fnMap":{},"branchMap":{},"s":{"0":1},"f":{},"b":{},"_coverageSchema":"1a1c01bbd47fc00a2c39e90264f33305004495a9","hash":"533cc76dd46f7b550facd4c2420eb05d26cea65f"}
,"C:\\Users\\Admin\\Desktop\\swiggy app\\src\\utils\\cartSlice.js": {"path":"C:\\Users\\Admin\\Desktop\\swiggy app\\src\\utils\\cartSlice.js","statementMap":{"0":{"start":{"line":3,"column":18},"end":{"line":19,"column":2}},"1":{"start":{"line":10,"column":12},"end":{"line":10,"column":45}},"2":{"start":{"line":13,"column":12},"end":{"line":13,"column":44}},"3":{"start":{"line":16,"column":12},"end":{"line":16,"column":33}},"4":{"start":{"line":21,"column":46},"end":{"line":21,"column":63}}},"fnMap":{"0":{"name":"(anonymous_0)","decl":{"start":{"line":9,"column":17},"end":{"line":9,"column":18}},"loc":{"start":{"line":9,"column":33},"end":{"line":11,"column":9}},"line":9},"1":{"name":"(anonymous_1)","decl":{"start":{"line":12,"column":19},"end":{"line":12,"column":20}},"loc":{"start":{"line":12,"column":35},"end":{"line":14,"column":9}},"line":12},"2":{"name":"(anonymous_2)","decl":{"start":{"line":15,"column":18},"end":{"line":15,"column":19}},"loc":{"start":{"line":15,"column":34},"end":{"line":17,"column":9}},"line":15}},"branchMap":{},"s":{"0":2,"1":0,"2":0,"3":0,"4":2},"f":{"0":0,"1":0,"2":0},"b":{},"_coverageSchema":"1a1c01bbd47fc00a2c39e90264f33305004495a9","hash":"4eb04f1613dca212e725756cd5d0994b9420acc8"}
,"C:\\Users\\Admin\\Desktop\\swiggy app\\src\\utils\\constants.js": {"path":"C:\\Users\\Admin\\Desktop\\swiggy app\\src\\utils\\constants.js","statementMap":{"0":{"start":{"line":1,"column":21},"end":{"line":1,"column":104}},"1":{"start":{"line":3,"column":22},"end":{"line":3,"column":122}},"2":{"start":{"line":5,"column":22},"end":{"line":5,"column":145}}},"fnMap":{},"branchMap":{},"s":{"0":3,"1":3,"2":3},"f":{},"b":{},"_coverageSchema":"1a1c01bbd47fc00a2c39e90264f33305004495a9","hash":"71f32f203facffe6ffe082471301c9f1ccf2bb23"}
,"C:\\Users\\Admin\\Desktop\\swiggy app\\src\\utils\\useOnlineStatus.js": {"path":"C:\\Users\\Admin\\Desktop\\swiggy app\\src\\utils\\useOnlineStatus.js","statementMap":{"0":{"start":{"line":4,"column":23},"end":{"line":16,"column":1}},"1":{"start":{"line":5,"column":43},"end":{"line":5,"column":57}},"2":{"start":{"line":6,"column":4},"end":{"line":14,"column":9}},"3":{"start":{"line":7,"column":8},"end":{"line":9,"column":10}},"4":{"start":{"line":8,"column":9},"end":{"line":8,"column":31}},"5":{"start":{"line":10,"column":8},"end":{"line":12,"column":13}},"6":{"start":{"line":11,"column":12},"end":{"line":11,"column":33}},"7":{"start":{"line":15,"column":4},"end":{"line":15,"column":24}}},"fnMap":{"0":{"name":"(anonymous_0)","decl":{"start":{"line":4,"column":23},"end":{"line":4,"column":24}},"loc":{"start":{"line":4,"column":28},"end":{"line":16,"column":1}},"line":4},"1":{"name":"(anonymous_1)","decl":{"start":{"line":6,"column":14},"end":{"line":6,"column":15}},"loc":{"start":{"line":6,"column":18},"end":{"line":14,"column":5}},"line":6},"2":{"name":"(anonymous_2)","decl":{"start":{"line":7,"column":43},"end":{"line":7,"column":44}},"loc":{"start":{"line":7,"column":47},"end":{"line":9,"column":9}},"line":7},"3":{"name":"(anonymous_3)","decl":{"start":{"line":10,"column":42},"end":{"line":10,"column":43}},"loc":{"start":{"line":10,"column":46},"end":{"line":12,"column":12}},"line":10}},"branchMap":{},"s":{"0":1,"1":4,"2":4,"3":1,"4":0,"5":1,"6":0,"7":4},"f":{"0":4,"1":1,"2":0,"3":0},"b":{},"_coverageSchema":"1a1c01bbd47fc00a2c39e90264f33305004495a9","hash":"dab5f40e3722f6fc6cd6683677501204a936db80"}
,"C:\\Users\\Admin\\Desktop\\swiggy app\\src\\utils\\useResturantMenu.js": {"path":"C:\\Users\\Admin\\Desktop\\swiggy app\\src\\utils\\useResturantMenu.js","statementMap":{"0":{"start":{"line":5,"column":25},"end":{"line":18,"column":1}},"1":{"start":{"line":7,"column":30},"end":{"line":7,"column":44}},"2":{"start":{"line":8,"column":4},"end":{"line":8,"column":35}},"3":{"start":{"line":8,"column":19},"end":{"line":8,"column":30}},"4":{"start":{"line":9,"column":21},"end":{"line":16,"column":5}},"5":{"start":{"line":10,"column":19},"end":{"line":10,"column":46}},"6":{"start":{"line":12,"column":21},"end":{"line":12,"column":38}},"7":{"start":{"line":14,"column":8},"end":{"line":14,"column":27}},"8":{"start":{"line":17,"column":4},"end":{"line":17,"column":19}}},"fnMap":{"0":{"name":"(anonymous_0)","decl":{"start":{"line":5,"column":25},"end":{"line":5,"column":26}},"loc":{"start":{"line":5,"column":35},"end":{"line":18,"column":1}},"line":5},"1":{"name":"(anonymous_1)","decl":{"start":{"line":8,"column":14},"end":{"line":8,"column":15}},"loc":{"start":{"line":8,"column":18},"end":{"line":8,"column":31}},"line":8},"2":{"name":"(anonymous_2)","decl":{"start":{"line":9,"column":21},"end":{"line":9,"column":22}},"loc":{"start":{"line":9,"column":33},"end":{"line":16,"column":5}},"line":9}},"branchMap":{},"s":{"0":1,"1":0,"2":0,"3":0,"4":0,"5":0,"6":0,"7":0,"8":0},"f":{"0":0,"1":0,"2":0},"b":{},"_coverageSchema":"1a1c01bbd47fc00a2c39e90264f33305004495a9","hash":"745ce98e06dc76c116335b28ba74df6e28f55184"}
}
